<?xml version="1.0" encoding="UTF-8"?>
<testsuite xmlns:xsi="http://www.w3.org/2001/XMLSchema-instance" xsi:noNamespaceSchemaLocation="https://maven.apache.org/surefire/maven-surefire-plugin/xsd/surefire-test-report-3.0.xsd" version="3.0" name="com.dev.hello_world.test.ExampleTest" time="0.057" tests="1" errors="0" skipped="0" failures="0">
  <properties>
    <property name="java.specification.version" value="17"/>
    <property name="sun.cpu.isalist" value="amd64"/>
    <property name="sun.jnu.encoding" value="Cp1252"/>
    <property name="java.class.path" value="C:\MAQUETA\Workspace_docker\TEMA9\Curso-Docker-Tema-9\mvn-hello-world\target\test-classes;C:\MAQUETA\Workspace_docker\TEMA9\Curso-Docker-Tema-9\mvn-hello-world\target\classes;C:\Users\U661126\.m2\repository\javax\servlet\servlet-api\2.5\servlet-api-2.5.jar;C:\Users\U661126\.m2\repository\junit\junit\4.12\junit-4.12.jar;C:\Users\U661126\.m2\repository\org\hamcrest\hamcrest-core\1.3\hamcrest-core-1.3.jar;C:\Users\U661126\.m2\repository\org\apache\logging\log4j\log4j-api\2.5\log4j-api-2.5.jar;C:\Users\U661126\.m2\repository\org\apache\logging\log4j\log4j-core\2.5\log4j-core-2.5.jar;"/>
    <property name="java.vm.vendor" value="Oracle Corporation"/>
    <property name="sun.arch.data.model" value="64"/>
    <property name="user.variant" value=""/>
    <property name="java.vendor.url" value="https://java.oracle.com/"/>
    <property name="user.timezone" value="Europe/Madrid"/>
    <property name="os.name" value="Windows 11"/>
    <property name="java.vm.specification.version" value="17"/>
    <property name="sun.java.launcher" value="SUN_STANDARD"/>
    <property name="user.country" value="ES"/>
    <property name="sun.boot.library.path" value="C:\Program Files\Java\jdk-17\bin"/>
    <property name="sun.java.command" value="C:\Users\U661126\AppData\Local\Temp\surefire16954659863004825211\surefirebooter-20250416212120125_3.jar C:\Users\U661126\AppData\Local\Temp\surefire16954659863004825211 2025-04-16T21-21-19_930-jvmRun1 surefire-20250416212120125_1tmp surefire_0-20250416212120125_2tmp"/>
    <property name="jdk.debug" value="release"/>
    <property name="surefire.test.class.path" value="C:\MAQUETA\Workspace_docker\TEMA9\Curso-Docker-Tema-9\mvn-hello-world\target\test-classes;C:\MAQUETA\Workspace_docker\TEMA9\Curso-Docker-Tema-9\mvn-hello-world\target\classes;C:\Users\U661126\.m2\repository\javax\servlet\servlet-api\2.5\servlet-api-2.5.jar;C:\Users\U661126\.m2\repository\junit\junit\4.12\junit-4.12.jar;C:\Users\U661126\.m2\repository\org\hamcrest\hamcrest-core\1.3\hamcrest-core-1.3.jar;C:\Users\U661126\.m2\repository\org\apache\logging\log4j\log4j-api\2.5\log4j-api-2.5.jar;C:\Users\U661126\.m2\repository\org\apache\logging\log4j\log4j-core\2.5\log4j-core-2.5.jar;"/>
    <property name="sun.cpu.endian" value="little"/>
    <property name="user.home" value="C:\Users\U661126"/>
    <property name="user.language" value="es"/>
    <property name="java.specification.vendor" value="Oracle Corporation"/>
    <property name="java.version.date" value="2024-04-16"/>
    <property name="java.home" value="C:\Program Files\Java\jdk-17"/>
    <property name="file.separator" value="\"/>
    <property name="basedir" value="C:\MAQUETA\Workspace_docker\TEMA9\Curso-Docker-Tema-9\mvn-hello-world"/>
    <property name="java.vm.compressedOopsMode" value="Zero based"/>
    <property name="line.separator" value="&#10;"/>
    <property name="java.vm.specification.vendor" value="Oracle Corporation"/>
    <property name="java.specification.name" value="Java Platform API Specification"/>
    <property name="surefire.real.class.path" value="C:\Users\U661126\AppData\Local\Temp\surefire16954659863004825211\surefirebooter-20250416212120125_3.jar"/>
    <property name="user.script" value=""/>
    <property name="sun.management.compiler" value="HotSpot 64-Bit Tiered Compilers"/>
    <property name="java.runtime.version" value="17.0.11+7-LTS-207"/>
    <property name="user.name" value="U661126"/>
    <property name="path.separator" value=";"/>
    <property name="os.version" value="10.0"/>
    <property name="java.runtime.name" value="Java(TM) SE Runtime Environment"/>
    <property name="file.encoding" value="Cp1252"/>
    <property name="java.vm.name" value="Java HotSpot(TM) 64-Bit Server VM"/>
    <property name="localRepository" value="C:\Users\U661126\.m2\repository"/>
    <property name="java.vendor.url.bug" value="https://bugreport.java.com/bugreport/"/>
    <property name="java.io.tmpdir" value="C:\Users\U661126\AppData\Local\Temp\"/>
    <property name="idea.version" value="2024.3.5"/>
    <property name="java.version" value="17.0.11"/>
    <property name="user.dir" value="C:\MAQUETA\Workspace_docker\TEMA9\Curso-Docker-Tema-9\mvn-hello-world"/>
    <property name="os.arch" value="amd64"/>
    <property name="java.vm.specification.name" value="Java Virtual Machine Specification"/>
    <property name="sun.os.patch.level" value=""/>
    <property name="native.encoding" value="Cp1252"/>
    <property name="java.library.path" value="C:\Program Files\Java\jdk-17\bin;C:\Windows\Sun\Java\bin;C:\Windows\system32;C:\Windows;C:\Python312\Scripts\;C:\Python312\;C:\Program Files\Common Files\Oracle\Java\javapath;C:\Windows\system32;C:\Windows;C:\Windows\System32\Wbem;C:\Windows\System32\WindowsPowerShell\v1.0\;C:\Windows\System32\OpenSSH\;C:\GlobalDS4;C:\GlobalDS4\bin;C:\GlobalDS4\jre1.8.0_241\bin;C:\Program Files\nodejs\;C:\ProgramData\chocolatey\bin;;C:\Program Files\Docker\Docker\resources\bin;C:\Users\U661126\AppData\Local\Microsoft\WindowsApps;C:\Users\U661126\AppData\Roaming\npm;C:\Users\U661126\AppData\Local\gitkraken\bin;C:\Users\U661126\AppData\Local\Programs\Git\cmd;."/>
    <property name="java.vm.info" value="mixed mode, sharing"/>
    <property name="java.vendor" value="Oracle Corporation"/>
    <property name="java.vm.version" value="17.0.11+7-LTS-207"/>
    <property name="sun.io.unicode.encoding" value="UnicodeLittle"/>
    <property name="java.class.version" value="61.0"/>
  </properties>
  <testcase name="exampleTest" classname="com.dev.hello_world.test.ExampleTest" time="0.001"/>
</testsuite>